<?xml version="1.0" encoding="UTF-8"?><testrun name="RunCuke (2)" project="BackOffice" tests="5" started="5" failures="0" errors="1" ignored="5">
  <testsuite name="Runner.RunCuke">
    <testsuite name="Feature: Validation of WBU backoffice login page">
      <testsuite name="Scenario Outline: In order to verify login to wbu.com">
        <testsuite name="Examples:">
          <testsuite name="| 300_hqadmin | wbu@1234 | should |" time="0.035" incomplete="true">
            <error>org.openqa.selenium.remote.UnreachableBrowserException: Could not start a new session. Possible causes are invalid address of the remote server or browser start-up failure.
Build info: version: '2.53.1', revision: 'a36b8b1', time: '2016-06-30 17:32:46'
System info: host: 'DMIL0154', ip: '192.168.1.101', os.name: 'Windows 8.1', os.arch: 'amd64', os.version: '6.3', java.version: '1.8.0_60'
Driver info: driver.version: ChromeDriver&#13;
	at org.openqa.selenium.remote.RemoteWebDriver.execute(RemoteWebDriver.java:665)&#13;
	at org.openqa.selenium.remote.RemoteWebDriver.startSession(RemoteWebDriver.java:249)&#13;
	at org.openqa.selenium.remote.RemoteWebDriver.&lt;init&gt;(RemoteWebDriver.java:131)&#13;
	at org.openqa.selenium.remote.RemoteWebDriver.&lt;init&gt;(RemoteWebDriver.java:144)&#13;
	at org.openqa.selenium.chrome.ChromeDriver.&lt;init&gt;(ChromeDriver.java:170)&#13;
	at org.openqa.selenium.chrome.ChromeDriver.&lt;init&gt;(ChromeDriver.java:159)&#13;
	at org.openqa.selenium.chrome.ChromeDriver.&lt;init&gt;(ChromeDriver.java:116)&#13;
	at Steps.BackofficeLogin.setup(BackofficeLogin.java:43)&#13;
	at sun.reflect.NativeMethodAccessorImpl.invoke0(Native Method)&#13;
	at sun.reflect.NativeMethodAccessorImpl.invoke(NativeMethodAccessorImpl.java:62)&#13;
	at sun.reflect.DelegatingMethodAccessorImpl.invoke(DelegatingMethodAccessorImpl.java:43)&#13;
	at java.lang.reflect.Method.invoke(Method.java:497)&#13;
	at cucumber.runtime.Utils$1.call(Utils.java:40)&#13;
	at cucumber.runtime.Timeout.timeout(Timeout.java:16)&#13;
	at cucumber.runtime.Utils.invoke(Utils.java:34)&#13;
	at cucumber.runtime.java.JavaHookDefinition.execute(JavaHookDefinition.java:60)&#13;
	at cucumber.runtime.Runtime.runHookIfTagsMatch(Runtime.java:224)&#13;
	at cucumber.runtime.Runtime.runHooks(Runtime.java:212)&#13;
	at cucumber.runtime.Runtime.runBeforeHooks(Runtime.java:202)&#13;
	at cucumber.runtime.model.CucumberScenario.run(CucumberScenario.java:40)&#13;
	at cucumber.runtime.junit.ExecutionUnitRunner.run(ExecutionUnitRunner.java:102)&#13;
	at org.junit.runners.Suite.runChild(Suite.java:128)&#13;
	at org.junit.runners.Suite.runChild(Suite.java:27)&#13;
	at org.junit.runners.ParentRunner$3.run(ParentRunner.java:290)&#13;
	at org.junit.runners.ParentRunner$1.schedule(ParentRunner.java:71)&#13;
	at org.junit.runners.ParentRunner.runChildren(ParentRunner.java:288)&#13;
	at org.junit.runners.ParentRunner.access$000(ParentRunner.java:58)&#13;
	at org.junit.runners.ParentRunner$2.evaluate(ParentRunner.java:268)&#13;
	at org.junit.runners.ParentRunner.run(ParentRunner.java:363)&#13;
	at cucumber.runtime.junit.ExamplesRunner.run(ExamplesRunner.java:59)&#13;
	at org.junit.runners.Suite.runChild(Suite.java:128)&#13;
	at org.junit.runners.Suite.runChild(Suite.java:27)&#13;
	at org.junit.runners.ParentRunner$3.run(ParentRunner.java:290)&#13;
	at org.junit.runners.ParentRunner$1.schedule(ParentRunner.java:71)&#13;
	at org.junit.runners.ParentRunner.runChildren(ParentRunner.java:288)&#13;
	at org.junit.runners.ParentRunner.access$000(ParentRunner.java:58)&#13;
	at org.junit.runners.ParentRunner$2.evaluate(ParentRunner.java:268)&#13;
	at org.junit.runners.ParentRunner.run(ParentRunner.java:363)&#13;
	at cucumber.runtime.junit.ScenarioOutlineRunner.run(ScenarioOutlineRunner.java:53)&#13;
	at cucumber.runtime.junit.FeatureRunner.runChild(FeatureRunner.java:63)&#13;
	at cucumber.runtime.junit.FeatureRunner.runChild(FeatureRunner.java:18)&#13;
	at org.junit.runners.ParentRunner$3.run(ParentRunner.java:290)&#13;
	at org.junit.runners.ParentRunner$1.schedule(ParentRunner.java:71)&#13;
	at org.junit.runners.ParentRunner.runChildren(ParentRunner.java:288)&#13;
	at org.junit.runners.ParentRunner.access$000(ParentRunner.java:58)&#13;
	at org.junit.runners.ParentRunner$2.evaluate(ParentRunner.java:268)&#13;
	at org.junit.runners.ParentRunner.run(ParentRunner.java:363)&#13;
	at cucumber.runtime.junit.FeatureRunner.run(FeatureRunner.java:70)&#13;
	at cucumber.api.junit.Cucumber.runChild(Cucumber.java:95)&#13;
	at cucumber.api.junit.Cucumber.runChild(Cucumber.java:38)&#13;
	at org.junit.runners.ParentRunner$3.run(ParentRunner.java:290)&#13;
	at org.junit.runners.ParentRunner$1.schedule(ParentRunner.java:71)&#13;
	at org.junit.runners.ParentRunner.runChildren(ParentRunner.java:288)&#13;
	at org.junit.runners.ParentRunner.access$000(ParentRunner.java:58)&#13;
	at org.junit.runners.ParentRunner$2.evaluate(ParentRunner.java:268)&#13;
	at org.junit.runners.ParentRunner.run(ParentRunner.java:363)&#13;
	at cucumber.api.junit.Cucumber.run(Cucumber.java:100)&#13;
	at org.eclipse.jdt.internal.junit4.runner.JUnit4TestReference.run(JUnit4TestReference.java:86)&#13;
	at org.eclipse.jdt.internal.junit.runner.TestExecution.run(TestExecution.java:38)&#13;
	at org.eclipse.jdt.internal.junit.runner.RemoteTestRunner.runTests(RemoteTestRunner.java:459)&#13;
	at org.eclipse.jdt.internal.junit.runner.RemoteTestRunner.runTests(RemoteTestRunner.java:678)&#13;
	at org.eclipse.jdt.internal.junit.runner.RemoteTestRunner.run(RemoteTestRunner.java:382)&#13;
	at org.eclipse.jdt.internal.junit.runner.RemoteTestRunner.main(RemoteTestRunner.java:192)&#13;
Caused by: org.openqa.selenium.WebDriverException: Timed out waiting for driver server to start.
Build info: version: '2.53.1', revision: 'a36b8b1', time: '2016-06-30 17:32:46'
System info: host: 'DMIL0154', ip: '192.168.1.101', os.name: 'Windows 8.1', os.arch: 'amd64', os.version: '6.3', java.version: '1.8.0_60'
Driver info: driver.version: ChromeDriver&#13;
	at org.openqa.selenium.remote.service.DriverService.waitUntilAvailable(DriverService.java:178)&#13;
	at org.openqa.selenium.remote.service.DriverService.start(DriverService.java:166)&#13;
	at org.openqa.selenium.remote.service.DriverCommandExecutor.execute(DriverCommandExecutor.java:78)&#13;
	at org.openqa.selenium.remote.RemoteWebDriver.execute(RemoteWebDriver.java:644)&#13;
	... 62 more&#13;
Caused by: org.openqa.selenium.net.UrlChecker$TimeoutException: Timed out waiting for [http://localhost:29321/status] to be available after 20002 ms&#13;
	at org.openqa.selenium.net.UrlChecker.waitUntilAvailable(UrlChecker.java:107)&#13;
	at org.openqa.selenium.remote.service.DriverService.waitUntilAvailable(DriverService.java:175)&#13;
	... 65 more&#13;
Caused by: com.google.common.util.concurrent.UncheckedTimeoutException: java.util.concurrent.TimeoutException&#13;
	at com.google.common.util.concurrent.SimpleTimeLimiter.callWithTimeout(SimpleTimeLimiter.java:143)&#13;
	at org.openqa.selenium.net.UrlChecker.waitUntilAvailable(UrlChecker.java:80)&#13;
	... 66 more&#13;
Caused by: java.util.concurrent.TimeoutException&#13;
	at java.util.concurrent.FutureTask.get(FutureTask.java:205)&#13;
	at com.google.common.util.concurrent.SimpleTimeLimiter.callWithTimeout(SimpleTimeLimiter.java:130)&#13;
	... 67 more&#13;
&#13;
</error>
            <testcase name="Given I am on the homepage of wbu website" classname="| 300_hqadmin | wbu@1234 | should |" time="0.001" ignored="true"/>
            <testcase name="When I get the Title of the page" classname="| 300_hqadmin | wbu@1234 | should |" time="0.001" ignored="true"/>
            <testcase name="Then user entered &quot;300_hqadmin&quot; username" classname="| 300_hqadmin | wbu@1234 | should |" time="0.0" ignored="true"/>
            <testcase name="Then user entered &quot;wbu@1234&quot; password" classname="| 300_hqadmin | wbu@1234 | should |" time="0.001" ignored="true"/>
            <testcase name="Then user &quot;should&quot; successfully logged in" classname="| 300_hqadmin | wbu@1234 | should |" time="0.032" ignored="true"/>
          </testsuite>
        </testsuite>
      </testsuite>
    </testsuite>
  </testsuite>
</testrun>
